FILE_TYPE=LIBRARY_PARTS;
PRIMITIVE 'T9AS1D12_5','T9AS1D12_5_Other';
  PIN
    'COIL_1':
      PIN_NUMBER='(1)';
      NO_LOAD_CHECK=BOTH;
      NO_IO_CHECK=BOTH;
      ALLOW_CONNECT=TRUE;
      PINUSE='UNSPEC';
    'COIL_2':
      PIN_NUMBER='(2)';
      NO_LOAD_CHECK=BOTH;
      NO_IO_CHECK=BOTH;
      ALLOW_CONNECT=TRUE;
      PINUSE='UNSPEC';
    'COM':
      PIN_NUMBER='(3)';
      NO_LOAD_CHECK=BOTH;
      NO_IO_CHECK=BOTH;
      ALLOW_CONNECT=TRUE;
      PINUSE='UNSPEC';
    'NO':
      PIN_NUMBER='(4)';
      NO_LOAD_CHECK=BOTH;
      NO_IO_CHECK=BOTH;
      ALLOW_CONNECT=TRUE;
      PINUSE='UNSPEC';
    '':
      PIN_NUMBER='()';
      NO_LOAD_CHECK=BOTH;
      NO_IO_CHECK=BOTH;
      ALLOW_CONNECT=TRUE;
      PINUSE='UNSPEC';
  END_PIN;
  BODY
    PART_NAME='T9AS1D12_5';
    PHYS_DES_PREFIX='K';
    NO_LOAD_CHECK='TRUE';
    PIN_COUNT='5';
    BODY_NAME='T9AS1D12_5';
    JEDEC_TYPE='T9AS1D125';
  END_BODY;
END_PRIMITIVE;
END.
